\BOOKMARK [1][-]{section.1}{\376\377\000M\000i\000s\000c}{}% 1
\BOOKMARK [2][-]{subsection.1.1}{\376\377\000C\000o\000n\000t\000e\000s\000t}{section.1}% 2
\BOOKMARK [3][-]{subsubsection.1.1.1}{\376\377\000M\000a\000k\000e\000f\000i\000l\000e}{subsection.1.1}% 3
\BOOKMARK [2][-]{subsection.1.2}{\376\377\000H\000o\000w\000\040\000D\000i\000d\000\040\000W\000e\000\040\000G\000e\000t\000\040\000H\000e\000r\000e\000?}{section.1}% 4
\BOOKMARK [3][-]{subsubsection.1.2.1}{\376\377\000M\000a\000c\000r\000o\000s}{subsection.1.2}% 5
\BOOKMARK [3][-]{subsubsection.1.2.2}{\376\377\000F\000a\000s\000t\000\040\000I\000/\000O}{subsection.1.2}% 6
\BOOKMARK [3][-]{subsubsection.1.2.3}{\376\377\000B\000u\000m\000p\000\040\000A\000l\000l\000o\000c\000a\000t\000o\000r}{subsection.1.2}% 7
\BOOKMARK [2][-]{subsection.1.3}{\376\377\000T\000o\000o\000l\000s}{section.1}% 8
\BOOKMARK [3][-]{subsubsection.1.3.1}{\376\377\000F\000l\000o\000a\000t\000i\000n\000g\000\040\000P\000o\000i\000n\000t\000\040\000B\000i\000n\000a\000r\000y\000\040\000S\000e\000a\000r\000c\000h}{subsection.1.3}% 9
\BOOKMARK [3][-]{subsubsection.1.3.2}{\376\377\000S\000p\000l\000i\000t\000M\000i\000x\0006\0004}{subsection.1.3}% 10
\BOOKMARK [3][-]{subsubsection.1.3.3}{\376\377\000<\000r\000a\000n\000d\000o\000m\000>}{subsection.1.3}% 11
\BOOKMARK [3][-]{subsubsection.1.3.4}{\376\377\000x\0008\0006\000\040\000S\000t\000a\000c\000k\000\040\000H\000a\000c\000k}{subsection.1.3}% 12
\BOOKMARK [3][-]{subsubsection.1.3.5}{\376\377\000c\000t\000y\000p\000e\000s}{subsection.1.3}% 13
\BOOKMARK [2][-]{subsection.1.4}{\376\377\000A\000l\000g\000o\000r\000i\000t\000h\000m\000s}{section.1}% 14
\BOOKMARK [3][-]{subsubsection.1.4.1}{\376\377\000B\000i\000t\000\040\000H\000a\000c\000k\000s}{subsection.1.4}% 15
\BOOKMARK [3][-]{subsubsection.1.4.2}{\376\377\000A\000l\000i\000e\000n\000s\000\040\000T\000r\000i\000c\000k}{subsection.1.4}% 16
\BOOKMARK [3][-]{subsubsection.1.4.3}{\376\377\000H\000i\000l\000b\000e\000r\000t\000\040\000C\000u\000r\000v\000e}{subsection.1.4}% 17
\BOOKMARK [3][-]{subsubsection.1.4.4}{\376\377\000L\000o\000n\000g\000e\000s\000t\000\040\000I\000n\000c\000r\000e\000a\000s\000i\000n\000g\000\040\000S\000u\000b\000s\000e\000q\000u\000e\000n\000c\000e}{subsection.1.4}% 18
\BOOKMARK [3][-]{subsubsection.1.4.5}{\376\377\000M\000o\000'\000s\000\040\000A\000l\000g\000o\000r\000i\000t\000h\000m\000\040\000o\000n\000\040\000T\000r\000e\000e}{subsection.1.4}% 19
\BOOKMARK [1][-]{section.2}{\376\377\000D\000a\000t\000a\000\040\000S\000t\000r\000u\000c\000t\000u\000r\000e\000s}{}% 20
\BOOKMARK [2][-]{subsection.2.1}{\376\377\000G\000N\000U\000\040\000P\000B\000D\000S}{section.2}% 21
\BOOKMARK [2][-]{subsection.2.2}{\376\377\000S\000e\000g\000m\000e\000n\000t\000\040\000T\000r\000e\000e\000\040\000\050\000Z\000K\000W\000\051}{section.2}% 22
\BOOKMARK [2][-]{subsection.2.3}{\376\377\000L\000i\000n\000e\000\040\000C\000o\000n\000t\000a\000i\000n\000e\000r}{section.2}% 23
\BOOKMARK [2][-]{subsection.2.4}{\376\377\000L\000i\000-\000C\000h\000a\000o\000\040\000T\000r\000e\000e}{section.2}% 24
\BOOKMARK [2][-]{subsection.2.5}{\376\377\000a\000d\000a\000m\000a\000n\000t\000\040\000H\000L\000D}{section.2}% 25
\BOOKMARK [2][-]{subsection.2.6}{\376\377\000v\000a\000n\000\040\000E\000m\000d\000e\000\040\000B\000o\000a\000s\000\040\000T\000r\000e\000e}{section.2}% 26
\BOOKMARK [2][-]{subsection.2.7}{\376\377\000W\000a\000v\000e\000l\000e\000t\000\040\000M\000a\000t\000r\000i\000x}{section.2}% 27
\BOOKMARK [2][-]{subsection.2.8}{\376\377\000L\000i\000n\000k\000-\000C\000u\000t\000\040\000T\000r\000e\000e}{section.2}% 28
\BOOKMARK [1][-]{section.3}{\376\377\000G\000r\000a\000p\000h}{}% 29
\BOOKMARK [2][-]{subsection.3.1}{\376\377\000M\000o\000d\000e\000l\000i\000n\000g}{section.3}% 30
\BOOKMARK [2][-]{subsection.3.2}{\376\377\000M\000a\000t\000c\000h\000i\000n\000g\000/\000F\000l\000o\000w\000s}{section.3}% 31
\BOOKMARK [3][-]{subsubsection.3.2.1}{\376\377\000D\000i\000n\000i\000c\000'\000s\000\040\000A\000l\000g\000o\000r\000i\000t\000h\000m}{subsection.3.2}% 32
\BOOKMARK [3][-]{subsubsection.3.2.2}{\376\377\000M\000i\000n\000i\000m\000u\000m\000\040\000C\000o\000s\000t\000\040\000F\000l\000o\000w}{subsection.3.2}% 33
\BOOKMARK [3][-]{subsubsection.3.2.3}{\376\377\000G\000o\000m\000o\000r\000y\000-\000H\000u\000\040\000T\000r\000e\000e}{subsection.3.2}% 34
\BOOKMARK [3][-]{subsubsection.3.2.4}{\376\377\000G\000l\000o\000b\000a\000l\000\040\000M\000i\000n\000i\000m\000u\000m\000\040\000C\000u\000t}{subsection.3.2}% 35
\BOOKMARK [3][-]{subsubsection.3.2.5}{\376\377\000B\000i\000p\000a\000r\000t\000i\000t\000e\000\040\000M\000i\000n\000i\000m\000u\000m\000\040\000C\000o\000v\000e\000r}{subsection.3.2}% 36
\BOOKMARK [3][-]{subsubsection.3.2.6}{\376\377\000E\000d\000m\000o\000n\000d\000s\000'\000\040\000A\000l\000g\000o\000r\000i\000t\000h\000m}{subsection.3.2}% 37
\BOOKMARK [3][-]{subsubsection.3.2.7}{\376\377\000M\000i\000n\000i\000m\000u\000m\000\040\000W\000e\000i\000g\000h\000t\000\040\000M\000a\000t\000c\000h\000i\000n\000g}{subsection.3.2}% 38
\BOOKMARK [3][-]{subsubsection.3.2.8}{\376\377\000S\000t\000a\000b\000l\000e\000\040\000M\000a\000r\000r\000i\000a\000g\000e}{subsection.3.2}% 39
\BOOKMARK [3][-]{subsubsection.3.2.9}{\376\377\000K\000u\000h\000n\000-\000M\000u\000n\000k\000r\000e\000s\000\040\000a\000l\000g\000o\000r\000i\000t\000h\000m}{subsection.3.2}% 40
\BOOKMARK [2][-]{subsection.3.3}{\376\377\000S\000h\000o\000r\000t\000e\000s\000t\000\040\000P\000a\000t\000h\000\040\000F\000a\000s\000t\000e\000r\000\040\000A\000l\000g\000o\000r\000i\000t\000h\000m}{section.3}% 41
\BOOKMARK [2][-]{subsection.3.4}{\376\377\000S\000t\000r\000o\000n\000g\000l\000y\000\040\000C\000o\000n\000n\000e\000c\000t\000e\000d\000\040\000C\000o\000m\000p\000o\000n\000e\000n\000t\000s}{section.3}% 42
\BOOKMARK [3][-]{subsubsection.3.4.1}{\376\377\0002\000-\000S\000a\000t\000i\000s\000f\000i\000a\000b\000i\000l\000i\000t\000y}{subsection.3.4}% 43
\BOOKMARK [2][-]{subsection.3.5}{\376\377\000B\000i\000c\000o\000n\000n\000e\000c\000t\000e\000d\000\040\000C\000o\000m\000p\000o\000n\000e\000n\000t\000s}{section.3}% 44
\BOOKMARK [3][-]{subsubsection.3.5.1}{\376\377\000A\000r\000t\000i\000c\000u\000l\000a\000t\000i\000o\000n\000\040\000P\000o\000i\000n\000t\000s}{subsection.3.5}% 45
\BOOKMARK [3][-]{subsubsection.3.5.2}{\376\377\000B\000r\000i\000d\000g\000e\000s}{subsection.3.5}% 46
\BOOKMARK [2][-]{subsection.3.6}{\376\377\000T\000r\000i\000c\000o\000n\000n\000e\000c\000t\000e\000d\000\040\000C\000o\000m\000p\000o\000n\000e\000n\000t\000s}{section.3}% 47
\BOOKMARK [2][-]{subsection.3.7}{\376\377\000C\000e\000n\000t\000r\000o\000i\000d\000\040\000D\000e\000c\000o\000m\000p\000o\000s\000i\000t\000i\000o\000n}{section.3}% 48
\BOOKMARK [2][-]{subsection.3.8}{\376\377\000M\000i\000n\000i\000m\000u\000m\000\040\000M\000e\000a\000n\000\040\000C\000y\000c\000l\000e}{section.3}% 49
\BOOKMARK [2][-]{subsection.3.9}{\376\377\000D\000i\000r\000e\000c\000t\000e\000d\000\040\000M\000S\000T}{section.3}% 50
\BOOKMARK [2][-]{subsection.3.10}{\376\377\000M\000a\000x\000i\000m\000u\000m\000\040\000C\000l\000i\000q\000u\000e}{section.3}% 51
\BOOKMARK [2][-]{subsection.3.11}{\376\377\000D\000o\000m\000i\000n\000a\000t\000o\000r\000\040\000T\000r\000e\000e}{section.3}% 52
\BOOKMARK [2][-]{subsection.3.12}{\376\377\000M\000a\000n\000h\000a\000t\000t\000a\000n\000\040\000D\000i\000s\000t\000a\000n\000c\000e\000\040\000M\000S\000T}{section.3}% 53
\BOOKMARK [2][-]{subsection.3.13}{\376\377\000V\000i\000r\000t\000u\000a\000l\000\040\000T\000r\000e\000e}{section.3}% 54
\BOOKMARK [1][-]{section.4}{\376\377\000M\000a\000t\000h}{}% 55
\BOOKMARK [2][-]{subsection.4.1}{\376\377\000N\000u\000m\000b\000e\000r\000\040\000T\000h\000e\000o\000r\000y}{section.4}% 56
\BOOKMARK [3][-]{subsubsection.4.1.1}{\376\377\000M\000o\000d\000\040\000S\000t\000r\000u\000c\000t}{subsection.4.1}% 57
\BOOKMARK [3][-]{subsubsection.4.1.2}{\376\377\000M\000i\000l\000l\000e\000r\000-\000R\000a\000b\000i\000n}{subsection.4.1}% 58
\BOOKMARK [3][-]{subsubsection.4.1.3}{\376\377\000L\000i\000n\000e\000a\000r\000\040\000S\000i\000e\000v\000e}{subsection.4.1}% 59
\BOOKMARK [3][-]{subsubsection.4.1.4}{\376\377\000G\000e\000t\000\040\000F\000a\000c\000t\000o\000r\000s}{subsection.4.1}% 60
\BOOKMARK [3][-]{subsubsection.4.1.5}{\376\377\000B\000i\000n\000a\000r\000y\000\040\000G\000C\000D}{subsection.4.1}% 61
\BOOKMARK [3][-]{subsubsection.4.1.6}{\376\377\000E\000x\000t\000e\000n\000d\000e\000d\000\040\000G\000C\000D}{subsection.4.1}% 62
\BOOKMARK [3][-]{subsubsection.4.1.7}{\376\377\000C\000h\000i\000n\000e\000s\000e\000\040\000R\000e\000m\000a\000i\000n\000d\000e\000r\000\040\000T\000h\000e\000o\000r\000e\000m}{subsection.4.1}% 63
\BOOKMARK [3][-]{subsubsection.4.1.8}{\376\377\000B\000a\000b\000y\000-\000S\000t\000e\000p\000\040\000G\000i\000a\000n\000t\000-\000S\000t\000e\000p}{subsection.4.1}% 64
\BOOKMARK [3][-]{subsubsection.4.1.9}{\376\377\000P\000o\000h\000l\000i\000g\000-\000H\000e\000l\000l\000m\000a\000n\000\040\000A\000l\000g\000o\000r\000i\000t\000h\000m}{subsection.4.1}% 65
\BOOKMARK [3][-]{subsubsection.4.1.10}{\376\377\000P\000o\000l\000l\000a\000r\000d\000'\000s\000\040\000R\000h\000o}{subsection.4.1}% 66
\BOOKMARK [3][-]{subsubsection.4.1.11}{\376\377\000T\000o\000n\000e\000l\000l\000i\000-\000S\000h\000a\000n\000k\000s\000\040\000A\000l\000g\000o\000r\000i\000t\000h\000m}{subsection.4.1}% 67
\BOOKMARK [3][-]{subsubsection.4.1.12}{\376\377\000C\000h\000i\000n\000e\000s\000e\000\040\000S\000i\000e\000v\000e}{subsection.4.1}% 68
\BOOKMARK [3][-]{subsubsection.4.1.13}{\376\377\000R\000a\000t\000i\000o\000n\000a\000l\000\040\000N\000u\000m\000b\000e\000r\000\040\000B\000i\000n\000a\000r\000y\000\040\000S\000e\000a\000r\000c\000h}{subsection.4.1}% 69
\BOOKMARK [3][-]{subsubsection.4.1.14}{\376\377\000F\000a\000r\000e\000y\000\040\000S\000e\000q\000u\000e\000n\000c\000e}{subsection.4.1}% 70
\BOOKMARK [2][-]{subsection.4.2}{\376\377\000C\000o\000m\000b\000i\000n\000a\000t\000o\000r\000i\000c\000s}{section.4}% 71
\BOOKMARK [3][-]{subsubsection.4.2.1}{\376\377\000M\000a\000t\000r\000o\000i\000d\000\040\000I\000n\000t\000e\000r\000s\000e\000c\000t\000i\000o\000n}{subsection.4.2}% 72
\BOOKMARK [3][-]{subsubsection.4.2.2}{\376\377\000D\000e\000\040\000B\000r\000u\000j\000i\000n\000\040\000S\000e\000q\000u\000e\000n\000c\000e}{subsection.4.2}% 73
\BOOKMARK [3][-]{subsubsection.4.2.3}{\376\377\000M\000u\000l\000t\000i\000n\000o\000m\000i\000a\000l}{subsection.4.2}% 74
\BOOKMARK [2][-]{subsection.4.3}{\376\377\000T\000h\000e\000o\000r\000e\000m\000s}{section.4}% 75
\BOOKMARK [3][-]{subsubsection.4.3.1}{\376\377\000K\000i\000r\000c\000h\000h\000o\000f\000f\000'\000s\000\040\000T\000h\000e\000o\000r\000e\000m}{subsection.4.3}% 76
\BOOKMARK [3][-]{subsubsection.4.3.2}{\376\377\000T\000u\000t\000t\000e\000'\000s\000\040\000M\000a\000t\000r\000i\000x}{subsection.4.3}% 77
\BOOKMARK [3][-]{subsubsection.4.3.3}{\376\377\000C\000a\000y\000l\000e\000y\000'\000s\000\040\000F\000o\000r\000m\000u\000l\000a}{subsection.4.3}% 78
\BOOKMARK [3][-]{subsubsection.4.3.4}{\376\377\000E\000r\000d\001\121\000s\000-\000G\000a\000l\000l\000a\000i\000\040\000T\000h\000e\000o\000r\000e\000m}{subsection.4.3}% 79
\BOOKMARK [3][-]{subsubsection.4.3.5}{\376\377\000B\000u\000r\000n\000s\000i\000d\000e\000'\000s\000\040\000L\000e\000m\000m\000a}{subsection.4.3}% 80
\BOOKMARK [3][-]{subsubsection.4.3.6}{\376\377\000G\000r\000a\000m\000-\000S\000c\000h\000m\000i\000d\000t\000\040\000P\000r\000o\000c\000e\000s\000s}{subsection.4.3}% 81
\BOOKMARK [1][-]{section.5}{\376\377\000N\000u\000m\000e\000r\000i\000c}{}% 82
\BOOKMARK [2][-]{subsection.5.1}{\376\377\000B\000a\000r\000r\000e\000t\000t\000\040\000R\000e\000d\000u\000c\000t\000i\000o\000n}{section.5}% 83
\BOOKMARK [2][-]{subsection.5.2}{\376\377\000L\000o\000n\000g\000\040\000L\000o\000n\000g\000\040\000M\000u\000l\000t\000i\000p\000l\000i\000c\000a\000t\000i\000o\000n}{section.5}% 84
\BOOKMARK [2][-]{subsection.5.3}{\376\377\000F\000a\000s\000t\000\040\000F\000o\000u\000r\000i\000e\000r\000\040\000T\000r\000a\000n\000s\000f\000o\000r\000m}{section.5}% 85
\BOOKMARK [2][-]{subsection.5.4}{\376\377\000F\000a\000s\000t\000\040\000W\000a\000l\000s\000h\000-\000H\000a\000d\000a\000m\000a\000r\000d\000\040\000T\000r\000a\000n\000s\000f\000o\000r\000m}{section.5}% 86
\BOOKMARK [2][-]{subsection.5.5}{\376\377\000S\000u\000b\000s\000e\000t\000\040\000C\000o\000n\000v\000o\000l\000u\000t\000i\000o\000n}{section.5}% 87
\BOOKMARK [2][-]{subsection.5.6}{\376\377\000L\000i\000n\000e\000a\000r\000\040\000R\000e\000c\000u\000r\000r\000e\000n\000c\000e\000s}{section.5}% 88
\BOOKMARK [3][-]{subsubsection.5.6.1}{\376\377\000B\000e\000r\000l\000e\000k\000a\000m\000p\000-\000M\000a\000s\000s\000e\000y\000\040\000A\000l\000g\000o\000r\000i\000t\000h\000m}{subsection.5.6}% 89
\BOOKMARK [3][-]{subsubsection.5.6.2}{\376\377\000L\000i\000n\000e\000a\000r\000\040\000R\000e\000c\000u\000r\000r\000e\000n\000c\000e\000\040\000C\000a\000l\000c\000u\000l\000a\000t\000i\000o\000n}{subsection.5.6}% 90
\BOOKMARK [2][-]{subsection.5.7}{\376\377\000M\000a\000t\000r\000i\000c\000e\000s}{section.5}% 91
\BOOKMARK [3][-]{subsubsection.5.7.1}{\376\377\000D\000e\000t\000e\000r\000m\000i\000n\000a\000n\000t}{subsection.5.7}% 92
\BOOKMARK [3][-]{subsubsection.5.7.2}{\376\377\000I\000n\000v\000e\000r\000s\000e}{subsection.5.7}% 93
\BOOKMARK [3][-]{subsubsection.5.7.3}{\376\377\000C\000h\000a\000r\000a\000c\000t\000e\000r\000i\000s\000t\000i\000c\000\040\000P\000o\000l\000y\000n\000o\000m\000i\000a\000l}{subsection.5.7}% 94
\BOOKMARK [3][-]{subsubsection.5.7.4}{\376\377\000S\000o\000l\000v\000e\000\040\000L\000i\000n\000e\000a\000r\000\040\000E\000q\000u\000a\000t\000i\000o\000n}{subsection.5.7}% 95
\BOOKMARK [2][-]{subsection.5.8}{\376\377\000P\000o\000l\000y\000n\000o\000m\000i\000a\000l\000\040\000I\000n\000t\000e\000r\000p\000o\000l\000a\000t\000i\000o\000n}{section.5}% 96
\BOOKMARK [2][-]{subsection.5.9}{\376\377\000S\000i\000m\000p\000l\000e\000x\000\040\000A\000l\000g\000o\000r\000i\000t\000h\000m}{section.5}% 97
\BOOKMARK [1][-]{section.6}{\376\377\000G\000e\000o\000m\000e\000t\000r\000y}{}% 98
\BOOKMARK [2][-]{subsection.6.1}{\376\377\000P\000o\000i\000n\000t}{section.6}% 99
\BOOKMARK [3][-]{subsubsection.6.1.1}{\376\377\000Q\000u\000a\000r\000t\000e\000r\000n\000i\000o\000n}{subsection.6.1}% 100
\BOOKMARK [3][-]{subsubsection.6.1.2}{\376\377\000S\000p\000h\000e\000r\000i\000c\000a\000l\000\040\000C\000o\000o\000r\000d\000i\000n\000a\000t\000e\000s}{subsection.6.1}% 101
\BOOKMARK [2][-]{subsection.6.2}{\376\377\000S\000e\000g\000m\000e\000n\000t\000s}{section.6}% 102
\BOOKMARK [2][-]{subsection.6.3}{\376\377\000C\000o\000n\000v\000e\000x\000\040\000H\000u\000l\000l}{section.6}% 103
\BOOKMARK [3][-]{subsubsection.6.3.1}{\376\377\0003\000D\000\040\000H\000u\000l\000l}{subsection.6.3}% 104
\BOOKMARK [2][-]{subsection.6.4}{\376\377\000A\000n\000g\000u\000l\000a\000r\000\040\000S\000o\000r\000t}{section.6}% 105
\BOOKMARK [2][-]{subsection.6.5}{\376\377\000C\000o\000n\000v\000e\000x\000\040\000H\000u\000l\000l\000\040\000T\000a\000n\000g\000e\000n\000t}{section.6}% 106
\BOOKMARK [2][-]{subsection.6.6}{\376\377\000C\000o\000n\000v\000e\000x\000\040\000P\000o\000l\000y\000g\000o\000n\000\040\000M\000i\000n\000k\000o\000w\000s\000k\000i\000\040\000S\000u\000m}{section.6}% 107
\BOOKMARK [2][-]{subsection.6.7}{\376\377\000P\000o\000i\000n\000t\000\040\000I\000n\000\040\000P\000o\000l\000y\000g\000o\000n}{section.6}% 108
\BOOKMARK [3][-]{subsubsection.6.7.1}{\376\377\000C\000o\000n\000v\000e\000x\000\040\000V\000e\000r\000s\000i\000o\000n}{subsection.6.7}% 109
\BOOKMARK [3][-]{subsubsection.6.7.2}{\376\377\000O\000f\000f\000l\000i\000n\000e\000\040\000M\000u\000l\000t\000i\000p\000l\000e\000\040\000P\000o\000i\000n\000t\000s\000\040\000V\000e\000r\000s\000i\000o\000n}{subsection.6.7}% 110
\BOOKMARK [2][-]{subsection.6.8}{\376\377\000C\000l\000o\000s\000e\000s\000t\000\040\000P\000a\000i\000r}{section.6}% 111
\BOOKMARK [2][-]{subsection.6.9}{\376\377\000M\000i\000n\000i\000m\000u\000m\000\040\000E\000n\000c\000l\000o\000s\000i\000n\000g\000\040\000C\000i\000r\000c\000l\000e}{section.6}% 112
\BOOKMARK [2][-]{subsection.6.10}{\376\377\000D\000e\000l\000a\000u\000n\000a\000y\000\040\000T\000r\000i\000a\000n\000g\000u\000l\000a\000t\000i\000o\000n}{section.6}% 113
\BOOKMARK [3][-]{subsubsection.6.10.1}{\376\377\000Q\000u\000a\000d\000r\000a\000t\000i\000c\000\040\000T\000i\000m\000e\000\040\000V\000e\000r\000s\000i\000o\000n}{subsection.6.10}% 114
\BOOKMARK [2][-]{subsection.6.11}{\376\377\000H\000a\000l\000f\000\040\000P\000l\000a\000n\000e\000\040\000I\000n\000t\000e\000r\000s\000e\000c\000t\000i\000o\000n}{section.6}% 115
\BOOKMARK [1][-]{section.7}{\376\377\000S\000t\000r\000i\000n\000g\000s}{}% 116
\BOOKMARK [2][-]{subsection.7.1}{\376\377\000K\000n\000u\000t\000h\000-\000M\000o\000r\000r\000i\000s\000-\000P\000r\000a\000t\000t\000\040\000A\000l\000g\000o\000r\000i\000t\000h\000m}{section.7}% 117
\BOOKMARK [2][-]{subsection.7.2}{\376\377\000A\000h\000o\000-\000C\000o\000r\000a\000s\000i\000c\000k\000\040\000A\000u\000t\000o\000m\000a\000t\000o\000n}{section.7}% 118
\BOOKMARK [2][-]{subsection.7.3}{\376\377\000S\000u\000f\000f\000i\000x\000\040\000A\000r\000r\000a\000y}{section.7}% 119
\BOOKMARK [2][-]{subsection.7.4}{\376\377\000S\000u\000f\000f\000i\000x\000\040\000T\000r\000e\000e}{section.7}% 120
\BOOKMARK [2][-]{subsection.7.5}{\376\377\000C\000o\000c\000k\000e\000-\000Y\000o\000u\000n\000g\000e\000r\000-\000K\000a\000s\000a\000m\000i\000\040\000A\000l\000g\000o\000r\000i\000t\000h\000m}{section.7}% 121
\BOOKMARK [2][-]{subsection.7.6}{\376\377\000Z\000\040\000V\000a\000l\000u\000e}{section.7}% 122
\BOOKMARK [2][-]{subsection.7.7}{\376\377\000M\000a\000n\000a\000c\000h\000e\000r\000'\000s\000\040\000A\000l\000g\000o\000r\000i\000t\000h\000m}{section.7}% 123
\BOOKMARK [2][-]{subsection.7.8}{\376\377\000L\000y\000n\000d\000o\000n\000\040\000F\000a\000c\000t\000o\000r\000i\000z\000a\000t\000i\000o\000n}{section.7}% 124
\BOOKMARK [2][-]{subsection.7.9}{\376\377\000P\000a\000l\000i\000n\000d\000r\000o\000m\000i\000c\000\040\000T\000r\000e\000e}{section.7}% 125
