This is XeTeX, Version 3.141592653-2.6-0.999994 (TeX Live 2022/Arch Linux) (preloaded format=xelatex 2022.11.28)  22 FEB 2023 07:04
entering extended mode
 \write18 enabled.
 file:line:error style messages enabled.
 %&-line parsing enabled.
**/home/kent/git/nacl/codebook/main.tex
(/home/kent/git/nacl/codebook/main.tex
LaTeX2e <2021-11-15> patch level 1
L3 programming layer <2022-04-10> (/usr/share/texmf-dist/tex/latex/base/article.cls
Document Class: article 2021/10/04 v1.4n Standard LaTeX document class
(/usr/share/texmf-dist/tex/latex/base/size10.clo
File: size10.clo 2021/10/04 v1.4n Standard LaTeX file (size option)
)
\c@part=\count181
\c@section=\count182
\c@subsection=\count183
\c@subsubsection=\count184
\c@paragraph=\count185
\c@subparagraph=\count186
\c@figure=\count187
\c@table=\count188
\abovecaptionskip=\skip47
\belowcaptionskip=\skip48
\bibindent=\dimen138
) (./codebook.sty
Package: codebook 
 (/usr/share/texmf-dist/tex/latex/amsmath/amsmath.sty
Package: amsmath 2021/10/15 v2.17l AMS math features
\@mathmargin=\skip49

For additional information on amsmath, use the `?' option.
(/usr/share/texmf-dist/tex/latex/amsmath/amstext.sty
Package: amstext 2021/08/26 v2.01 AMS text
 (/usr/share/texmf-dist/tex/latex/amsmath/amsgen.sty
File: amsgen.sty 1999/11/30 v2.0 generic functions
\@emptytoks=\toks16
\ex@=\dimen139
)) (/usr/share/texmf-dist/tex/latex/amsmath/amsbsy.sty
Package: amsbsy 1999/11/29 v1.2d Bold Symbols
\pmbraise@=\dimen140
) (/usr/share/texmf-dist/tex/latex/amsmath/amsopn.sty
Package: amsopn 2021/08/26 v2.02 operator names
)
\inf@bad=\count189
LaTeX Info: Redefining \frac on input line 234.
\uproot@=\count190
\leftroot@=\count191
LaTeX Info: Redefining \overline on input line 399.
\classnum@=\count192
\DOTSCASE@=\count193
LaTeX Info: Redefining \ldots on input line 496.
LaTeX Info: Redefining \dots on input line 499.
LaTeX Info: Redefining \cdots on input line 620.
\Mathstrutbox@=\box50
\strutbox@=\box51
\big@size=\dimen141
LaTeX Font Info:    Redeclaring font encoding OML on input line 743.
LaTeX Font Info:    Redeclaring font encoding OMS on input line 744.
\macc@depth=\count194
\c@MaxMatrixCols=\count195
\dotsspace@=\muskip16
\c@parentequation=\count196
\dspbrk@lvl=\count197
\tag@help=\toks17
\row@=\count198
\column@=\count199
\maxfields@=\count266
\andhelp@=\toks18
\eqnshift@=\dimen142
\alignsep@=\dimen143
\tagshift@=\dimen144
\tagwidth@=\dimen145
\totwidth@=\dimen146
\lineht@=\dimen147
\@envbody=\toks19
\multlinegap=\skip50
\multlinetaggap=\skip51
\mathdisplay@stack=\toks20
LaTeX Info: Redefining \[ on input line 2938.
LaTeX Info: Redefining \] on input line 2939.
) (/usr/share/texmf-dist/tex/latex/amsfonts/amssymb.sty
Package: amssymb 2013/01/14 v3.01 AMS font symbols
 (/usr/share/texmf-dist/tex/latex/amsfonts/amsfonts.sty
Package: amsfonts 2013/01/14 v3.01 Basic AMSFonts support
\symAMSa=\mathgroup4
\symAMSb=\mathgroup5
LaTeX Font Info:    Redeclaring math symbol \hbar on input line 98.
LaTeX Font Info:    Overwriting math alphabet `\mathfrak' in version `bold'
(Font)                  U/euf/m/n --> U/euf/b/n on input line 106.
)) (/usr/share/texmf-dist/tex/latex/tools/array.sty
Package: array 2021/10/04 v2.5f Tabular extension package (FMi)
\col@sep=\dimen148
\ar@mcellbox=\box52
\extrarowheight=\dimen149
\NC@list=\toks21
\extratabsurround=\skip52
\backup@length=\skip53
\ar@cellbox=\box53
) (/usr/share/texmf-dist/tex/latex/enumitem/enumitem.sty
Package: enumitem 2019/06/20 v3.9 Customized lists
\enitkv@toks@=\toks22
\labelindent=\skip54
\enit@outerparindent=\dimen150
\enit@toks=\toks23
\enit@inbox=\box54
\enit@count@id=\count267
\enitdp@description=\count268
) (/usr/share/texmf-dist/tex/latex/fancyhdr/fancyhdr.sty
Package: fancyhdr 2021/01/28 v4.0.1 Extensive control of page headers and footers
\f@nch@headwidth=\skip55
\f@nch@O@elh=\skip56
\f@nch@O@erh=\skip57
\f@nch@O@olh=\skip58
\f@nch@O@orh=\skip59
\f@nch@O@elf=\skip60
\f@nch@O@erf=\skip61
\f@nch@O@olf=\skip62
\f@nch@O@orf=\skip63
) (/usr/share/texmf-dist/tex/latex/fontspec/fontspec.sty (/usr/share/texmf-dist/tex/latex/l3packages/xparse/xparse.sty (/usr/share/texmf-dist/tex/latex/l3kernel/expl3.sty
Package: expl3 2022-04-10 L3 programming layer (loader) 
 (/usr/share/texmf-dist/tex/latex/l3backend/l3backend-xetex.def
File: l3backend-xetex.def 2022-04-14 L3 backend support: XeTeX
\l__color_backend_stack_int=\count269
\g__color_backend_stack_int=\count270
\g__graphics_track_int=\count271
\l__pdf_internal_box=\box55
\g__pdf_backend_object_int=\count272
\g__pdf_backend_annotation_int=\count273
\g__pdf_backend_link_int=\count274
))
Package: xparse 2022-01-12 L3 Experimental document command parser
)
Package: fontspec 2022/01/15 v2.8a Font selection for XeLaTeX and LuaLaTeX
 (/usr/share/texmf-dist/tex/latex/fontspec/fontspec-xetex.sty
Package: fontspec-xetex 2022/01/15 v2.8a Font selection for XeLaTeX and LuaLaTeX
\l__fontspec_script_int=\count275
\l__fontspec_language_int=\count276
\l__fontspec_strnum_int=\count277
\l__fontspec_tmp_int=\count278
\l__fontspec_tmpa_int=\count279
\l__fontspec_tmpb_int=\count280
\l__fontspec_tmpc_int=\count281
\l__fontspec_em_int=\count282
\l__fontspec_emdef_int=\count283
\l__fontspec_strong_int=\count284
\l__fontspec_strongdef_int=\count285
\l__fontspec_tmpa_dim=\dimen151
\l__fontspec_tmpb_dim=\dimen152
\l__fontspec_tmpc_dim=\dimen153
 (/usr/share/texmf-dist/tex/latex/base/fontenc.sty
Package: fontenc 2021/04/29 v2.0v Standard LaTeX package
) (/usr/share/texmf-dist/tex/latex/fontspec/fontspec.cfg))) (/usr/share/texmf-dist/tex/latex/graphics/graphicx.sty
Package: graphicx 2021/09/16 v1.2d Enhanced LaTeX Graphics (DPC,SPQR)
 (/usr/share/texmf-dist/tex/latex/graphics/keyval.sty
Package: keyval 2014/10/28 v1.15 key=value parser (DPC)
\KV@toks@=\toks24
) (/usr/share/texmf-dist/tex/latex/graphics/graphics.sty
Package: graphics 2021/03/04 v1.4d Standard LaTeX Graphics (DPC,SPQR)
 (/usr/share/texmf-dist/tex/latex/graphics/trig.sty
Package: trig 2021/08/11 v1.11 sin cos tan (DPC)
) (/usr/share/texmf-dist/tex/latex/graphics-cfg/graphics.cfg
File: graphics.cfg 2016/06/04 v1.11 sample graphics configuration
)
Package graphics Info: Driver file: xetex.def on input line 107.
 (/usr/share/texmf-dist/tex/latex/graphics-def/xetex.def
File: xetex.def 2022/04/12 v5.0l Graphics/color driver for xetex
))
\Gin@req@height=\dimen154
\Gin@req@width=\dimen155
) (/usr/share/texmf-dist/tex/latex/hyperref/hyperref.sty
Package: hyperref 2022-02-21 v7.00n Hypertext links for LaTeX
 (/usr/share/texmf-dist/tex/generic/ltxcmds/ltxcmds.sty
Package: ltxcmds 2020-05-10 v1.25 LaTeX kernel commands for general use (HO)
) (/usr/share/texmf-dist/tex/generic/iftex/iftex.sty
Package: iftex 2022/02/03 v1.0f TeX engine tests
) (/usr/share/texmf-dist/tex/generic/pdftexcmds/pdftexcmds.sty
Package: pdftexcmds 2020-06-27 v0.33 Utility functions of pdfTeX for LuaTeX (HO)
 (/usr/share/texmf-dist/tex/generic/infwarerr/infwarerr.sty
Package: infwarerr 2019/12/03 v1.5 Providing info/warning/error messages (HO)
)
Package pdftexcmds Info: \pdf@primitive is available.
Package pdftexcmds Info: \pdf@ifprimitive is available.
Package pdftexcmds Info: \pdfdraftmode not found.
) (/usr/share/texmf-dist/tex/generic/kvsetkeys/kvsetkeys.sty
Package: kvsetkeys 2019/12/15 v1.18 Key value parser (HO)
) (/usr/share/texmf-dist/tex/generic/kvdefinekeys/kvdefinekeys.sty
Package: kvdefinekeys 2019-12-19 v1.6 Define keys (HO)
) (/usr/share/texmf-dist/tex/generic/pdfescape/pdfescape.sty
Package: pdfescape 2019/12/09 v1.15 Implements pdfTeX's escape features (HO)
) (/usr/share/texmf-dist/tex/latex/hycolor/hycolor.sty
Package: hycolor 2020-01-27 v1.10 Color options for hyperref/bookmark (HO)
) (/usr/share/texmf-dist/tex/latex/letltxmacro/letltxmacro.sty
Package: letltxmacro 2019/12/03 v1.6 Let assignment for LaTeX macros (HO)
) (/usr/share/texmf-dist/tex/latex/auxhook/auxhook.sty
Package: auxhook 2019-12-17 v1.6 Hooks for auxiliary files (HO)
) (/usr/share/texmf-dist/tex/latex/kvoptions/kvoptions.sty
Package: kvoptions 2020-10-07 v3.14 Key value format for package options (HO)
)
\@linkdim=\dimen156
\Hy@linkcounter=\count286
\Hy@pagecounter=\count287
 (/usr/share/texmf-dist/tex/latex/hyperref/pd1enc.def
File: pd1enc.def 2022-02-21 v7.00n Hyperref: PDFDocEncoding definition (HO)
) (/usr/share/texmf-dist/tex/generic/intcalc/intcalc.sty
Package: intcalc 2019/12/15 v1.3 Expandable calculations with integers (HO)
) (/usr/share/texmf-dist/tex/generic/etexcmds/etexcmds.sty
Package: etexcmds 2019/12/15 v1.7 Avoid name clashes with e-TeX commands (HO)
)
\Hy@SavedSpaceFactor=\count288
 (/usr/share/texmf-dist/tex/latex/hyperref/puenc.def
File: puenc.def 2022-02-21 v7.00n Hyperref: PDF Unicode definition (HO)
)
Package hyperref Info: Option `pdfusetitle' set `true' on input line 4018.
Package hyperref Info: Hyper figures OFF on input line 4137.
Package hyperref Info: Link nesting OFF on input line 4142.
Package hyperref Info: Hyper index ON on input line 4145.
Package hyperref Info: Plain pages OFF on input line 4152.
Package hyperref Info: Backreferencing OFF on input line 4157.
Package hyperref Info: Implicit mode ON; LaTeX internals redefined.
Package hyperref Info: Bookmarks ON on input line 4390.
\c@Hy@tempcnt=\count289
 (/usr/share/texmf-dist/tex/latex/url/url.sty
\Urlmuskip=\muskip17
Package: url 2013/09/16  ver 3.4  Verb mode for urls, etc.
)
LaTeX Info: Redefining \url on input line 4749.
\XeTeXLinkMargin=\dimen157
 (/usr/share/texmf-dist/tex/generic/bitset/bitset.sty
Package: bitset 2019/12/09 v1.3 Handle bit-vector datatype (HO)
 (/usr/share/texmf-dist/tex/generic/bigintcalc/bigintcalc.sty
Package: bigintcalc 2019/12/15 v1.5 Expandable calculations on big integers (HO)
))
\Fld@menulength=\count290
\Field@Width=\dimen158
\Fld@charsize=\dimen159
Package hyperref Info: Hyper figures OFF on input line 6027.
Package hyperref Info: Link nesting OFF on input line 6032.
Package hyperref Info: Hyper index ON on input line 6035.
Package hyperref Info: backreferencing OFF on input line 6042.
Package hyperref Info: Link coloring OFF on input line 6047.
Package hyperref Info: Link coloring with OCG OFF on input line 6052.
Package hyperref Info: PDF/A mode OFF on input line 6057.
LaTeX Info: Redefining \ref on input line 6097.
LaTeX Info: Redefining \pageref on input line 6101.
 (/usr/share/texmf-dist/tex/latex/base/atbegshi-ltx.sty
Package: atbegshi-ltx 2021/01/10 v1.0c Emulation of the original atbegshi
package with kernel methods
)
\Hy@abspage=\count291
\c@Item=\count292
\c@Hfootnote=\count293
)
Package hyperref Info: Driver: hxetex.
 (/usr/share/texmf-dist/tex/latex/hyperref/hxetex.def
File: hxetex.def 2022-02-21 v7.00n Hyperref driver for XeTeX
 (/usr/share/texmf-dist/tex/generic/stringenc/stringenc.sty
Package: stringenc 2019/11/29 v1.12 Convert strings between diff. encodings (HO)
)
\pdfm@box=\box56
\c@Hy@AnnotLevel=\count294
\HyField@AnnotCount=\count295
\Fld@listcount=\count296
\c@bookmark@seq@number=\count297
 (/usr/share/texmf-dist/tex/latex/rerunfilecheck/rerunfilecheck.sty
Package: rerunfilecheck 2019/12/05 v1.9 Rerun checks for auxiliary files (HO)
 (/usr/share/texmf-dist/tex/latex/base/atveryend-ltx.sty
Package: atveryend-ltx 2020/08/19 v1.0a Emulation of the original atveryend package
with kernel methods
) (/usr/share/texmf-dist/tex/generic/uniquecounter/uniquecounter.sty
Package: uniquecounter 2019/12/15 v1.4 Provide unlimited unique counter (HO)
)
Package uniquecounter Info: New unique counter `rerunfilecheck' on input line 286.
)
\Hy@SectionHShift=\skip64
) (/usr/share/texmf-dist/tex/latex/minted/minted.sty
Package: minted 2021/12/24 v2.6 Yet another Pygments shim for LaTeX
 (/usr/share/texmf-dist/tex/latex/fvextra/fvextra.sty
Package: fvextra 2019/02/04 v1.4 fvextra - extensions and patches for fancyvrb
 (/usr/share/texmf-dist/tex/latex/base/ifthen.sty
Package: ifthen 2020/11/24 v1.1c Standard LaTeX ifthen package (DPC)
) (/usr/share/texmf-dist/tex/latex/etoolbox/etoolbox.sty
Package: etoolbox 2020/10/05 v2.5k e-TeX tools for LaTeX (JAW)
\etb@tempcnta=\count298
) (/usr/share/texmf-dist/tex/latex/fancyvrb/fancyvrb.sty
Package: fancyvrb 2022/04/12 4.2 verbatim text (tvz,hv)
\FV@CodeLineNo=\count299
\FV@InFile=\read2
\FV@TabBox=\box57
\c@FancyVerbLine=\count300
\FV@StepNumber=\count301
\FV@OutFile=\write3
) (/usr/share/texmf-dist/tex/latex/upquote/upquote.sty
Package: upquote 2012/04/19 v1.3 upright-quote and grave-accent glyphs in verbatim
 (/usr/share/texmf-dist/tex/latex/base/textcomp.sty
Package: textcomp 2020/02/02 v2.0n Standard LaTeX package
)) (/usr/share/texmf-dist/tex/latex/lineno/lineno.sty
Package: lineno 2005/11/02 line numbers on paragraphs v4.41
Invalid UTF-8 byte or sequence at line 296 replaced by U+FFFD.
\linenopenalty=\count302
\output=\toks25
\linenoprevgraf=\count303
\linenumbersep=\dimen160
\linenumberwidth=\dimen161
\c@linenumber=\count304
\c@pagewiselinenumber=\count305
\c@LN@truepage=\count306
\c@internallinenumber=\count307
\c@internallinenumbers=\count308
\quotelinenumbersep=\dimen162
\bframerule=\dimen163
\bframesep=\dimen164
\bframebox=\box58
LaTeX Info: Redefining \\ on input line 3056.
)
\c@FV@TrueTabGroupLevel=\count309
\c@FV@TrueTabCounter=\count310
\FV@TabBox@Group=\box59
\FV@TmpLength=\skip65
\c@FV@HighlightLinesStart=\count311
\c@FV@HighlightLinesStop=\count312
\FV@LoopCount=\count313
\FV@NCharsBox=\box60
\FV@BreakIndent=\dimen165
\FV@BreakIndentNChars=\count314
\FV@BreakSymbolSepLeft=\dimen166
\FV@BreakSymbolSepLeftNChars=\count315
\FV@BreakSymbolSepRight=\dimen167
\FV@BreakSymbolSepRightNChars=\count316
\FV@BreakSymbolIndentLeft=\dimen168
\FV@BreakSymbolIndentLeftNChars=\count317
\FV@BreakSymbolIndentRight=\dimen169
\FV@BreakSymbolIndentRightNChars=\count318
\c@FancyVerbLineBreakLast=\count319
\FV@LineBox=\box61
\FV@LineIndentBox=\box62
\FV@LineWidth=\dimen170
) (/usr/share/texmf-dist/tex/latex/tools/calc.sty
Package: calc 2017/05/25 v4.3 Infix arithmetic (KKT,FJ)
\calc@Acount=\count320
\calc@Bcount=\count321
\calc@Adimen=\dimen171
\calc@Bdimen=\dimen172
\calc@Askip=\skip66
\calc@Bskip=\skip67
LaTeX Info: Redefining \setlength on input line 80.
LaTeX Info: Redefining \addtolength on input line 81.
\calc@Ccount=\count322
\calc@Cskip=\skip68
) (/usr/share/texmf-dist/tex/latex/tools/shellesc.sty
Package: shellesc 2019/11/08 v1.0c unified shell escape interface for LaTeX
Package shellesc Info: Unrestricted shell escape enabled on input line 75.
) (/usr/share/texmf-dist/tex/latex/ifplatform/ifplatform.sty
Package: ifplatform 2017/10/13 v0.4a Testing for the operating system
 (/usr/share/texmf-dist/tex/generic/catchfile/catchfile.sty
Package: catchfile 2019/12/09 v1.8 Catch the contents of a file (HO)
) (/usr/share/texmf-dist/tex/generic/iftex/ifluatex.sty
Package: ifluatex 2019/10/25 v1.5 ifluatex legacy package. Use iftex instead.
)
runsystem(uname -s > "main.w18")...executed.

 (./main.w18)
runsystem(rm -- "main.w18")...executed.

) (/usr/share/texmf-dist/tex/generic/xstring/xstring.sty (/usr/share/texmf-dist/tex/generic/xstring/xstring.tex
\integerpart=\count323
\decimalpart=\count324
)
Package: xstring 2021/07/21 v1.84 String manipulations (CT)
) (/usr/share/texmf-dist/tex/latex/framed/framed.sty
Package: framed 2011/10/22 v 0.96: framed or shaded text with page breaks
\OuterFrameSep=\skip69
\fb@frw=\dimen173
\fb@frh=\dimen174
\FrameRule=\dimen175
\FrameSep=\dimen176
) (/usr/share/texmf-dist/tex/latex/float/float.sty
Package: float 2001/11/08 v1.3d Float enhancements (AL)
\c@float@type=\count325
\float@exts=\toks26
\float@box=\box63
\@float@everytoks=\toks27
\@floatcapt=\box64
)
\minted@appexistsfile=\read3
\minted@bgbox=\box65
\minted@code=\write4
\c@minted@FancyVerbLineTemp=\count326
\c@minted@pygmentizecounter=\count327
\@float@every@listing=\toks28
\c@listing=\count328
)
runsystem(mkdir -p _minted-main)...executed.

 (/usr/share/texmf-dist/tex/latex/tools/multicol.sty
Package: multicol 2021/10/28 v1.9b multicolumn formatting (FMi)
\c@tracingmulticols=\count329


Package multicol Warning: May not work with the twocolumn option on input line 142.

\mult@box=\box66
\multicol@leftmargin=\dimen177
\c@unbalance=\count330
\c@collectmore=\count331
\doublecol@number=\count332
\multicoltolerance=\count333
\multicolpretolerance=\count334
\full@width=\dimen178
\page@free=\dimen179
\premulticols=\dimen180
\postmulticols=\dimen181
\multicolsep=\skip70
\multicolbaselineskip=\skip71
\partial@page=\box67
\last@line=\box68
\maxbalancingoverflow=\dimen182
\mult@rightbox=\box69
\mult@grightbox=\box70
\mult@firstbox=\box71
\mult@gfirstbox=\box72
\@tempa=\box73
\@tempa=\box74
\@tempa=\box75
\@tempa=\box76
\@tempa=\box77
\@tempa=\box78
\@tempa=\box79
\@tempa=\box80
\@tempa=\box81
\@tempa=\box82
\@tempa=\box83
\@tempa=\box84
\@tempa=\box85
\@tempa=\box86
\@tempa=\box87
\@tempa=\box88
\@tempa=\box89
\@tempa=\box90
\@tempa=\box91
\@tempa=\box92
\@tempa=\box93
\@tempa=\box94
\@tempa=\box95
\@tempa=\box96
\@tempa=\box97
\@tempa=\box98
\@tempa=\box99
\@tempa=\box100
\@tempa=\box101
\@tempa=\box102
\@tempa=\box103
\@tempa=\box104
\@tempa=\box105
\@tempa=\box106
\@tempa=\box107
\@tempa=\box108
\c@minrows=\count335
\c@columnbadness=\count336
\c@finalcolumnbadness=\count337
\last@try=\dimen183
\multicolovershoot=\dimen184
\multicolundershoot=\dimen185
\mult@nat@firstbox=\box109
\colbreak@box=\box110
\mc@col@check@num=\count338
) (/usr/share/texmf-dist/tex/latex/titlesec/titlesec.sty
Package: titlesec 2021/07/05 v2.14 Sectioning titles
\ttl@box=\box111
\beforetitleunit=\skip72
\aftertitleunit=\skip73
\ttl@plus=\dimen186
\ttl@minus=\dimen187
\ttl@toksa=\toks29
\titlewidth=\dimen188
\titlewidthlast=\dimen189
\titlewidthfirst=\dimen190
) (/usr/share/texmf-dist/tex/latex/koma-script/tocbasic.sty
Package: tocbasic 2021/11/13 v3.35 KOMA-Script package (handling toc-files)
 (/usr/share/texmf-dist/tex/latex/koma-script/scrbase.sty
Package: scrbase 2021/11/13 v3.35 KOMA-Script package (KOMA-Script-independent basics and keyval usage)
 (/usr/share/texmf-dist/tex/latex/koma-script/scrlfile.sty
Package: scrlfile 2021/11/13 v3.35 KOMA-Script package (file load hooks)
 (/usr/share/texmf-dist/tex/latex/koma-script/scrlfile-hook.sty
Package: scrlfile-hook 2021/11/13 v3.35 KOMA-Script package (using LaTeX hooks)
 (/usr/share/texmf-dist/tex/latex/koma-script/scrlogo.sty
Package: scrlogo 2021/11/13 v3.35 KOMA-Script package (logo)
)))
Applying: [2021/05/01] Usage of raw or classic option list on input line 252.
Already applied: [0000/00/00] Usage of raw or classic option list on input line 368.
)
\scr@dte@tocline@numberwidth=\skip74
\scr@dte@tocline@numbox=\box112
) (/usr/share/texmf-dist/tex/latex/xcolor/xcolor.sty
Package: xcolor 2021/10/31 v2.13 LaTeX color extensions (UK)
 (/usr/share/texmf-dist/tex/latex/graphics-cfg/color.cfg
File: color.cfg 2016/01/02 v1.6 sample color configuration
)
Package xcolor Info: Driver file: xetex.def on input line 227.
Package xcolor Info: Model `cmy' substituted by `cmy0' on input line 1352.
Package xcolor Info: Model `RGB' extended on input line 1368.
Package xcolor Info: Model `HTML' substituted by `rgb' on input line 1370.
Package xcolor Info: Model `Hsb' substituted by `hsb' on input line 1371.
Package xcolor Info: Model `tHsb' substituted by `hsb' on input line 1372.
Package xcolor Info: Model `HSB' substituted by `hsb' on input line 1373.
Package xcolor Info: Model `Gray' substituted by `gray' on input line 1374.
Package xcolor Info: Model `wave' substituted by `hsb' on input line 1375.
 (/usr/share/texmf-dist/tex/latex/xcolor/x11nam.def
File: x11nam.def 2021/10/31 v2.13 Predefined colors according to Unix/X11 (UK)
))

Package fontspec Info: Could not resolve font "Fira Mono Medium/I" (it
(fontspec)             probably doesn't exist).


Package fontspec Info: Font family 'FiraMonoMedium(0)' created for font 'Fira
(fontspec)             Mono Medium' with options
(fontspec)             [WordSpace={1,0,0},HyphenChar=None,PunctuationSpace=WordSpace].
(fontspec)              
(fontspec)              This font family consists of the following NFSS
(fontspec)             series/shapes:
(fontspec)              
(fontspec)             - 'normal' (m/n) with NFSS spec.: <->"Fira Mono
(fontspec)             Medium/OT:script=latn;language=dflt;"
(fontspec)             - 'small caps'  (m/sc) with NFSS spec.: 
(fontspec)             and font adjustment code:
(fontspec)             \fontdimen 2\font =1\fontdimen 2\font \fontdimen 3\font
(fontspec)             =0\fontdimen 3\font \fontdimen 4\font =0\fontdimen
(fontspec)             4\font \fontdimen 7\font =0\fontdimen 2\font
(fontspec)             \tex_hyphenchar:D \font =-1\scan_stop: 
(fontspec)             - 'bold' (b/n) with NFSS spec.: <->"Fira Mono
(fontspec)             Medium/B/OT:script=latn;language=dflt;"
(fontspec)             - 'bold small caps'  (b/sc) with NFSS spec.: 
(fontspec)             and font adjustment code:
(fontspec)             \fontdimen 2\font =1\fontdimen 2\font \fontdimen 3\font
(fontspec)             =0\fontdimen 3\font \fontdimen 4\font =0\fontdimen
(fontspec)             4\font \fontdimen 7\font =0\fontdimen 2\font
(fontspec)             \tex_hyphenchar:D \font =-1\scan_stop: 
(fontspec)             - 'bold italic' (b/it) with NFSS spec.: <->"Fira Mono
(fontspec)             Medium/BI/OT:script=latn;language=dflt;"
(fontspec)             - 'bold italic small caps'  (b/scit) with NFSS spec.: 
(fontspec)             and font adjustment code:
(fontspec)             \fontdimen 2\font =1\fontdimen 2\font \fontdimen 3\font
(fontspec)             =0\fontdimen 3\font \fontdimen 4\font =0\fontdimen
(fontspec)             4\font \fontdimen 7\font =0\fontdimen 2\font
(fontspec)             \tex_hyphenchar:D \font =-1\scan_stop: 

)
runsystem(which pygmentize && touch main.aex)...executed.

runsystem(rm main.aex)...executed.

 (tex_build/main.aux)
\openout1 = `main.aux'.

LaTeX Font Info:    Checking defaults for OML/cmm/m/it on input line 8.
LaTeX Font Info:    ... okay on input line 8.
LaTeX Font Info:    Checking defaults for OMS/cmsy/m/n on input line 8.
LaTeX Font Info:    ... okay on input line 8.
LaTeX Font Info:    Checking defaults for OT1/cmr/m/n on input line 8.
LaTeX Font Info:    ... okay on input line 8.
LaTeX Font Info:    Checking defaults for T1/cmr/m/n on input line 8.
LaTeX Font Info:    ... okay on input line 8.
LaTeX Font Info:    Checking defaults for TS1/cmr/m/n on input line 8.
LaTeX Font Info:    Trying to load font information for TS1+cmr on input line 8.
 (/usr/share/texmf-dist/tex/latex/base/ts1cmr.fd
File: ts1cmr.fd 2019/12/16 v2.5j Standard LaTeX font definitions
)
LaTeX Font Info:    ... okay on input line 8.
LaTeX Font Info:    Checking defaults for TU/lmr/m/n on input line 8.
LaTeX Font Info:    ... okay on input line 8.
LaTeX Font Info:    Checking defaults for OMX/cmex/m/n on input line 8.
LaTeX Font Info:    ... okay on input line 8.
LaTeX Font Info:    Checking defaults for U/cmr/m/n on input line 8.
LaTeX Font Info:    ... okay on input line 8.
LaTeX Font Info:    Checking defaults for PD1/pdf/m/n on input line 8.
LaTeX Font Info:    ... okay on input line 8.
LaTeX Font Info:    Checking defaults for PU/pdf/m/n on input line 8.
LaTeX Font Info:    ... okay on input line 8.

Package fontspec Info: Adjusting the maths setup (use [no-math] to avoid
(fontspec)             this).

\symlegacymaths=\mathgroup6
LaTeX Font Info:    Overwriting symbol font `legacymaths' in version `bold'
(Font)                  OT1/cmr/m/n --> OT1/cmr/bx/n on input line 8.
LaTeX Font Info:    Redeclaring math accent \acute on input line 8.
LaTeX Font Info:    Redeclaring math accent \grave on input line 8.
LaTeX Font Info:    Redeclaring math accent \ddot on input line 8.
LaTeX Font Info:    Redeclaring math accent \tilde on input line 8.
LaTeX Font Info:    Redeclaring math accent \bar on input line 8.
LaTeX Font Info:    Redeclaring math accent \breve on input line 8.
LaTeX Font Info:    Redeclaring math accent \check on input line 8.
LaTeX Font Info:    Redeclaring math accent \hat on input line 8.
LaTeX Font Info:    Redeclaring math accent \dot on input line 8.
LaTeX Font Info:    Redeclaring math accent \mathring on input line 8.
LaTeX Font Info:    Redeclaring math symbol \Gamma on input line 8.
LaTeX Font Info:    Redeclaring math symbol \Delta on input line 8.
LaTeX Font Info:    Redeclaring math symbol \Theta on input line 8.
LaTeX Font Info:    Redeclaring math symbol \Lambda on input line 8.
LaTeX Font Info:    Redeclaring math symbol \Xi on input line 8.
LaTeX Font Info:    Redeclaring math symbol \Pi on input line 8.
LaTeX Font Info:    Redeclaring math symbol \Sigma on input line 8.
LaTeX Font Info:    Redeclaring math symbol \Upsilon on input line 8.
LaTeX Font Info:    Redeclaring math symbol \Phi on input line 8.
LaTeX Font Info:    Redeclaring math symbol \Psi on input line 8.
LaTeX Font Info:    Redeclaring math symbol \Omega on input line 8.
LaTeX Font Info:    Redeclaring math symbol \mathdollar on input line 8.
LaTeX Font Info:    Redeclaring symbol font `operators' on input line 8.
LaTeX Font Info:    Encoding `OT1' has changed to `TU' for symbol font
(Font)              `operators' in the math version `normal' on input line 8.
LaTeX Font Info:    Overwriting symbol font `operators' in version `normal'
(Font)                  OT1/cmr/m/n --> TU/lmr/m/n on input line 8.
LaTeX Font Info:    Encoding `OT1' has changed to `TU' for symbol font
(Font)              `operators' in the math version `bold' on input line 8.
LaTeX Font Info:    Overwriting symbol font `operators' in version `bold'
(Font)                  OT1/cmr/bx/n --> TU/lmr/m/n on input line 8.
LaTeX Font Info:    Overwriting symbol font `operators' in version `normal'
(Font)                  TU/lmr/m/n --> TU/lmr/m/n on input line 8.
LaTeX Font Info:    Overwriting math alphabet `\mathit' in version `normal'
(Font)                  OT1/cmr/m/it --> TU/lmr/m/it on input line 8.
LaTeX Font Info:    Overwriting math alphabet `\mathbf' in version `normal'
(Font)                  OT1/cmr/bx/n --> TU/lmr/b/n on input line 8.
LaTeX Font Info:    Overwriting math alphabet `\mathsf' in version `normal'
(Font)                  OT1/cmss/m/n --> TU/lmss/m/n on input line 8.
LaTeX Font Info:    Overwriting math alphabet `\mathtt' in version `normal'
(Font)                  OT1/cmtt/m/n --> TU/FiraMonoMedium(0)/m/n on input line 8.
LaTeX Font Info:    Overwriting symbol font `operators' in version `bold'
(Font)                  TU/lmr/m/n --> TU/lmr/b/n on input line 8.
LaTeX Font Info:    Overwriting math alphabet `\mathit' in version `bold'
(Font)                  OT1/cmr/bx/it --> TU/lmr/b/it on input line 8.
LaTeX Font Info:    Overwriting math alphabet `\mathsf' in version `bold'
(Font)                  OT1/cmss/bx/n --> TU/lmss/b/n on input line 8.
LaTeX Font Info:    Overwriting math alphabet `\mathtt' in version `bold'
(Font)                  OT1/cmtt/m/n --> TU/FiraMonoMedium(0)/b/n on input line 8.
Package hyperref Info: Link coloring OFF on input line 8.
 (/usr/share/texmf-dist/tex/latex/hyperref/nameref.sty
Package: nameref 2021-04-02 v2.47 Cross-referencing by name of section
 (/usr/share/texmf-dist/tex/latex/refcount/refcount.sty
Package: refcount 2019/12/15 v3.6 Data extraction from label references (HO)
) (/usr/share/texmf-dist/tex/generic/gettitlestring/gettitlestring.sty
Package: gettitlestring 2019/12/15 v1.6 Cleanup title references (HO)
)
\c@section@level=\count339
)
LaTeX Info: Redefining \ref on input line 8.
LaTeX Info: Redefining \pageref on input line 8.
LaTeX Info: Redefining \nameref on input line 8.
 (tex_build/main.out) (tex_build/main.out)
\@outlinefile=\write5
\openout5 = `main.out'.

 (tex_build/main.toc
LaTeX Font Info:    Calculating math sizes for size <8.3> on input line 2.


LaTeX Font Warning: Font shape `OML/cmm/m/it' in size <4.15> not available
(Font)              size <5> substituted on input line 2.


LaTeX Font Warning: Font shape `OMS/cmsy/m/n' in size <4.15> not available
(Font)              size <5> substituted on input line 2.

LaTeX Font Info:    Trying to load font information for U+msa on input line 2.
(/usr/share/texmf-dist/tex/latex/amsfonts/umsa.fd
File: umsa.fd 2013/01/14 v3.01 AMS symbols A
)
LaTeX Font Info:    Trying to load font information for U+msb on input line 2.
 (/usr/share/texmf-dist/tex/latex/amsfonts/umsb.fd
File: umsb.fd 2013/01/14 v3.01 AMS symbols B
)

LaTeX Font Warning: Font shape `OT1/cmr/m/n' in size <4.15> not available
(Font)              size <5> substituted on input line 2.

)
\tf@toc=\write6
\openout6 = `main.toc'.

 (./build/content.tex
runsystem(python3 preprocessor.py "/home/kent/git/nacl/nacl/misc/Makefile" "build/4b5dc80a0f4839cb")...executed.

 (./_minted-main/default.pygstyle) (./_minted-main/CB902AB59C352FAA2FB109DCC94B74D42C2788E6E93733E96C95B2156FC8D2E1.pygtex)
runsystem(python3 preprocessor.py "/home/kent/git/nacl/nacl/misc/speed/macros.hpp" "build/e1ad557147ad863a")...executed.

 (./_minted-main/35942EF70089C7A2EABAD9AC68C9FBC94A5545D69A01C62C916CB8BB619EC3E7.pygtex

LaTeX Font Warning: Font shape `TU/FiraMonoMedium(0)/m/it' undefined
(Font)              using `TU/FiraMonoMedium(0)/m/n' instead on input line 2.

[1

])
runsystem(python3 preprocessor.py "/home/kent/git/nacl/nacl/misc/speed/fast-io.hpp" "build/c5e5ab314d9eed1e")...executed.

 (./_minted-main/CFDD51B71CD31A1DC614DF9F254266B0BFD24D69DE895024D1198DB5F2670FF5.pygtex)
runsystem(python3 preprocessor.py "/home/kent/git/nacl/nacl/misc/speed/kotlin-io.kt" "build/c2ac3443570006e6")...executed.

 (./_minted-main/3C24A36F0337A0F8FB6D5DB05D2248F8998E0DF1B3EAC7EB39B6F35517B24F1C.pygtex)
runsystem(python3 preprocessor.py "/home/kent/git/nacl/nacl/misc/speed/bump-allocator.hpp" "build/8c0a3ea881755a9d")...executed.

 (./_minted-main/4EAA70315622AD0EADBA6F661F7BF96A1824D067B2E42CF586C7D9273A843760.pygtex)
runsystem(python3 preprocessor.py "/home/kent/git/nacl/nacl/misc/float-binary-search.hpp" "build/835d9d317a5c7ae9")...executed.

 (./_minted-main/66C2A0D214E003C4A1FF1B6E65DB2B958B5F747103240388F23386C90AC621D2.pygtex)
runsystem(python3 preprocessor.py "/home/kent/git/nacl/nacl/misc/splitmix64.hpp" "build/ed7f864b360af864")...executed.

 (./_minted-main/081E3A7B4282975ED2FF26DB4B75E05B3BAF56269A1596A5339CA105C8188515.pygtex)
runsystem(python3 preprocessor.py "/home/kent/git/nacl/nacl/misc/random.hpp" "build/270c85a7e180e120")...executed.

 (./_minted-main/5C4FF705B687961F68A4F7E4CD46E072ED236A3B81E7D10DD2F11DDC0AFDB38F.pygtex)
runsystem(python3 preprocessor.py "/home/kent/git/nacl/nacl/misc/stack-size.hpp" "build/887cad9e3c4de35c")...executed.

 (./_minted-main/4CC1D4F17F54F881659C629B6A99DFE4EBD525E24BA7FE10B484A2F3541E4380.pygtex [2])
runsystem(python3 preprocessor.py "/home/kent/git/nacl/nacl/misc/libgmp.py" "build/55898bf5ec588d63")...executed.

 (./_minted-main/0E3BCFFE264C38E12EAF70B5E3832E3F8287C2EA9E432DD22E5B1F61B705E45C.pygtex)
runsystem(python3 preprocessor.py "/home/kent/git/nacl/nacl/misc/bit-hacks.hpp" "build/67c29a75f1a30a4d")...executed.

 (./_minted-main/E6EC89E3DA603D0E8EDE58F1086801C93E61F7F1D63A86068FDE19B0D0D03228.pygtex)
runsystem(python3 preprocessor.py "/home/kent/git/nacl/nacl/misc/aliens.hpp" "build/e858b171547db3a1")...executed.

 (./_minted-main/07A0FEF57F1D2ABE1E46AB9B2323E7202B71B0AB3CDE5B5616C7B9933D08DCD1.pygtex)
runsystem(python3 preprocessor.py "/home/kent/git/nacl/nacl/misc/hilbert.hpp" "build/ae1fce6d71ea7c30")...executed.

 (./_minted-main/113694334F13AB7D56987CB945E152355A8A8BE837D701F0ED14E999F4A1F757.pygtex)
runsystem(python3 preprocessor.py "/home/kent/git/nacl/nacl/misc/lis.hpp" "build/e2ad65a35c5ae01f")...executed.

 (./_minted-main/32F1EE209F5175F1D44BD0ED387196D02E68A1EB04B451A5B6A774AC667F3EF4.pygtex)
runsystem(python3 preprocessor.py "/home/kent/git/nacl/nacl/misc/mo-tree.hpp" "build/90b6bc9baf842a0b")...executed.

 (./_minted-main/CCD0B861D7C35197EF263BE038F7CCA515536A8AA6520E0E9F25F72407AF857D.pygtex)
runsystem(python3 preprocessor.py "/home/kent/git/nacl/nacl/ds/pbds.hpp" "build/bcb52e0c30f8d7de")...executed.

 (./_minted-main/F59A17D8106DC11A90D3296689C2945579CA1B0FCD87FA4B809F20B3DA0DD72F.pygtex)
runsystem(python3 preprocessor.py "/home/kent/git/nacl/nacl/ds/segtree.hpp" "build/3ad4066fe12907ad")...executed.

 (./_minted-main/23C1E67FF25ECEA825E44813F8CD4A4FC97B5BF0F7F624A63CDD01BCA38A2348.pygtex)
runsystem(python3 preprocessor.py "/home/kent/git/nacl/nacl/ds/line-container.hpp" "build/b4aa943765867fad")...executed.

 (./_minted-main/721951450CE72DEBDD6A92EEF20CA1C58FBF8D3ADA2798656CAB6226DB3DA066.pygtex [3])
runsystem(python3 preprocessor.py "/home/kent/git/nacl/nacl/ds/li-chao.hpp" "build/e6d1082e175bbaad")...executed.

 (./_minted-main/E2FD25EA282DBBB060A8813508403B9361122C646BF355F8C590A54B90190334.pygtex)
runsystem(python3 preprocessor.py "/home/kent/git/nacl/nacl/ds/adamant-hld.hpp" "build/67df5b7f9ef814e9")...executed.

 (./_minted-main/04BC3CE9BC177CBA3A82DB12791375ED0DCDE84AD9DA86E4422E4309D1039D5D.pygtex)
runsystem(python3 preprocessor.py "/home/kent/git/nacl/nacl/ds/veb-tree.hpp" "build/18b485c5dd018bfe")...executed.

 (./_minted-main/C802AC4A908FD58AC3777A930962CBEC2986B66DA2FE55A72D662DF27F49A8C9.pygtex [4])
runsystem(python3 preprocessor.py "/home/kent/git/nacl/nacl/ds/wavelet-matrix.hpp" "build/99f173ccfa84b540")...executed.

 (./_minted-main/F4E1B9EA46B9B3CFB9DBEEC5FEF54161DBCB8AED823787306239CBBF6620CFA9.pygtex)
runsystem(python3 preprocessor.py "/home/kent/git/nacl/nacl/ds/lct.hpp" "build/9a846eb550e2a0a4")...executed.

 (./_minted-main/B34CCAAE7C8080DF7028E96B4AD1AB6421CD7657A0F9E054DC8AC3FB33A5B1CF.pygtex [5]) (/home/kent/git/nacl/nacl/graph/model.tex)
runsystem(python3 preprocessor.py "/home/kent/git/nacl/nacl/graph/flows/dinic.hpp" "build/5420a032b76d3af0")...executed.

 (./_minted-main/0F2D5A87E1E9A3A20A8B97274C8C6ACBC73F58D07D928B4AE75D4621C966F5D2.pygtex [6])
runsystem(python3 preprocessor.py "/home/kent/git/nacl/nacl/graph/flows/min-cost-flow.hpp" "build/87cb950ed8f2caf4")...executed.

 (./_minted-main/E92EDDB1F3795C3872A7792D57FCC448FC08764F915D976EC96E76C4B284530C.pygtex)
runsystem(python3 preprocessor.py "/home/kent/git/nacl/nacl/graph/flows/gomory-hu.hpp" "build/1856781865715353")...executed.

 (./_minted-main/427863134BBFD0AC79A132BD1BF410215B3A24C1742108DE4D62ECB0EEB3A3B8.pygtex)
runsystem(python3 preprocessor.py "/home/kent/git/nacl/nacl/graph/flows/global-min-cut.hpp" "build/572825edbe315e3e")...executed.

 (./_minted-main/2F3087204DAD8A8FAB3CAD1DDE2AD076261D93107CCF72450DD388E19594BE98.pygtex)
runsystem(python3 preprocessor.py "/home/kent/git/nacl/nacl/graph/flows/min-bi-cover.hpp" "build/eb877d7d4c554b33")...executed.

 (./_minted-main/0CF7FBF9E4EE39636C2038177BC7B5C9D939AE3C078EA784887A3F5E31743EF4.pygtex [7])
runsystem(python3 preprocessor.py "/home/kent/git/nacl/nacl/graph/flows/edmonds.hpp" "build/4741dcaaa70eb1bb")...executed.

 (./_minted-main/52ECBDD7A5B395AD2AE8F28009A3AB3872AAACA44514C7919952B8A9B344EF8A.pygtex)
runsystem(python3 preprocessor.py "/home/kent/git/nacl/nacl/graph/flows/min-weight-general.hpp" "build/5cbcf29a85882780")...executed.

 (./_minted-main/C19945461EF409746C6948EB4B6C65C3BA5E5D36F25E9E7756A955F0920669F7.pygtex [8])
runsystem(python3 preprocessor.py "/home/kent/git/nacl/nacl/graph/flows/marriage.hpp" "build/858aa7ad7ec25b2f")...executed.

 (./_minted-main/F1CFFEA852796983102897DFFB4C547D64376A50871D09B142D8F8F2AD591BE3.pygtex)
runsystem(python3 preprocessor.py "/home/kent/git/nacl/nacl/graph/flows/km.hpp" "build/23fa5eaaf15ea405")...executed.

 (./_minted-main/7A2926EA10E29943C52B67471AEA694E42383E9D8CCFE9E083361CC9C6B8E349.pygtex [9])
runsystem(python3 preprocessor.py "/home/kent/git/nacl/nacl/graph/spfa.hpp" "build/3fb0a8866d8ed7da")...executed.

 (./_minted-main/6B9409BB393EAA9E3E4549D8689CD962A0F065459208854F84F83C7354390D42.pygtex)
runsystem(python3 preprocessor.py "/home/kent/git/nacl/nacl/graph/scc.hpp" "build/a95258d65d864191")...executed.

 (./_minted-main/868796476BADE05D2438C0E317BB628246710E9C6897B37910C4532ABE0C410E.pygtex)
runsystem(python3 preprocessor.py "/home/kent/git/nacl/nacl/graph/2sat.hpp" "build/6481d1f26f3aefc7")...executed.

 (./_minted-main/2B47F64C2E75004F92A52C19CB228B65D8299E4173A21E4AE8D6101DC8374A82.pygtex)
runsystem(python3 preprocessor.py "/home/kent/git/nacl/nacl/graph/tarjan-ap.hpp" "build/423f23b7f20cb02f")...executed.

 (./_minted-main/B2DD4C937E421B571F58B8842338BCE04455DDF00F83AAB512F5B4B0537EAB28.pygtex)
runsystem(python3 preprocessor.py "/home/kent/git/nacl/nacl/graph/tarjan-b.hpp" "build/a94d6d270827e9b4")...executed.

 (./_minted-main/CACF67309EA5D7CD236CC0ADF8FCB816DAA04319C79F81D3F4797E5DCBCFCAF8.pygtex)
runsystem(python3 preprocessor.py "/home/kent/git/nacl/nacl/graph/tcc.hpp" "build/8996113b3a6bd0dd")...executed.

 (./_minted-main/3305C8F938FD38391B3C3674E676CC77960A3DBE892FB63168EE3C2985975858.pygtex [10])
runsystem(python3 preprocessor.py "/home/kent/git/nacl/nacl/graph/centroid-decomposition.hpp" "build/31a79336926d1aa2")...executed.

 (./_minted-main/D101F4CD618DD3C868BF41A39684D15683C2A132A5412897E3CE1CACCD1D23D7.pygtex)
runsystem(python3 preprocessor.py "/home/kent/git/nacl/nacl/graph/min-mean-cycle.hpp" "build/9536a97b24fd614f")...executed.

 (./_minted-main/9D9A3FD75111F0FFB0C94321C38BD3F60C499F9B77930EC8D0E725056D3AD854.pygtex)
runsystem(python3 preprocessor.py "/home/kent/git/nacl/nacl/graph/dmst.hpp" "build/2296de0378993726")...executed.

 (./_minted-main/D437E77E50EDAE1799FCC5593B4912043DB31DD567E0BB65EC549FA14070CEDB.pygtex [11])
runsystem(python3 preprocessor.py "/home/kent/git/nacl/nacl/graph/clique.hpp" "build/36e4e313234d6274")...executed.

 (./_minted-main/078A83266DC936DFF799D8D4C32E688BBE30004991AD79C7125F9F11C5DEF301.pygtex)
runsystem(python3 preprocessor.py "/home/kent/git/nacl/nacl/graph/dominator-tree.hpp" "build/92cffbbf239f7e75")...executed.

 (./_minted-main/E1C5589F125E2B2400E2839F4A7EA152E407989EADBADCC8BA9AE85D3D57C17D.pygtex [12])
runsystem(python3 preprocessor.py "/home/kent/git/nacl/nacl/graph/manhattan-mst.hpp" "build/3a3cc96865291b91")...executed.

 (./_minted-main/217DF356D915E2777C7F919D8AF5B0D3A6030711435DE2D9AF04C993B4C1EB13.pygtex)
runsystem(python3 preprocessor.py "/home/kent/git/nacl/nacl/graph/virtual-tree.hpp" "build/54b238df39dbbf03")...executed.

 (./_minted-main/2246F0FD459CADE581CF8FB909AD39B9963E27E37E0EDDA397F2214B5BF739C5.pygtex) (/home/kent/git/nacl/nacl/math/number-theory/modular.tex)
runsystem(python3 preprocessor.py "/home/kent/git/nacl/nacl/math/number-theory/modular.hpp" "build/a461ccaf91a80fce")...executed.

 (./_minted-main/98630F0059FE09C2CFD6F7B62E4E14988EDF4A510052BEBC64A562DF47EF7E17.pygtex)
runsystem(python3 preprocessor.py "/home/kent/git/nacl/nacl/math/number-theory/miller-rabin.hpp" "build/da05389e260a2336")...executed.

 (./_minted-main/8B1E3B70BC2BDA7587A5F095F4930BF43BF9BBCF0C8871D91CEC5BB392746492.pygtex)
runsystem(python3 preprocessor.py "/home/kent/git/nacl/nacl/math/number-theory/sieve.hpp" "build/35efffcd94659073")...executed.

 (./_minted-main/08D232713B03058C49DF40B6F68F94918F837F9A8504A868E17EFF503B6EFF43.pygtex)
runsystem(python3 preprocessor.py "/home/kent/git/nacl/nacl/math/number-theory/all-factors.hpp" "build/b8e82a2c53d6dd25")...executed.

 (./_minted-main/9A097BC7F9795776B23CAA79969882D35B09C18F2797E2624B3ECA0977C610A5.pygtex [13])
runsystem(python3 preprocessor.py "/home/kent/git/nacl/nacl/math/number-theory/binary-gcd.hpp" "build/e988dbcb5221141b")...executed.

 (./_minted-main/2D1EE3F87164682875258992FD61366404B174EC615AD2ECCC8E19621D780422.pygtex)
runsystem(python3 preprocessor.py "/home/kent/git/nacl/nacl/math/number-theory/extgcd.hpp" "build/67b3425d17a5cd6f")...executed.

 (./_minted-main/A54BB649E6F454C50FCCFAFC444084DC77D90F219C20A3F60535B326E58358B8.pygtex)
runsystem(python3 preprocessor.py "/home/kent/git/nacl/nacl/math/number-theory/crt.hpp" "build/03dda85e73169d13")...executed.

 (./_minted-main/34BB4244691519EC2FF6C014C5C667C5EA20D82DE9FA14D7B75959DE1C038B1A.pygtex)
runsystem(python3 preprocessor.py "/home/kent/git/nacl/nacl/math/number-theory/bsgs.hpp" "build/bddc8b71c93d4bd3")...executed.

 (./_minted-main/1306F997B0E2465C68D2F905BAEF2BFD540FA06CB31141F216716B2973DD4465.pygtex) (/home/kent/git/nacl/nacl/math/number-theory/pohlig-hellman.tex)
runsystem(python3 preprocessor.py "/home/kent/git/nacl/nacl/math/number-theory/pollard-rho.hpp" "build/fd581c0d3fab8040")...executed.

 (./_minted-main/AAA626610546A02AA5AA5D59DF8F10CF564D489A9F0B09DE5ACB21C43FDFC667.pygtex)
runsystem(python3 preprocessor.py "/home/kent/git/nacl/nacl/math/number-theory/tonelli-shanks.hpp" "build/f84e6027770dc9d1")...executed.

 (./_minted-main/D7305AB3C3E0309EB6FC369EA9E9A0E710DDDFF8290E3C9A17BCAA1F78E25E2B.pygtex)
runsystem(python3 preprocessor.py "/home/kent/git/nacl/nacl/math/number-theory/djs.hpp" "build/611591b17e4b2f68")...executed.

 (./_minted-main/CD7CB4B2204AD227A8D863C0AB1B99693AD8D59EC245E17B7B8ED8F070016D0C.pygtex)
runsystem(python3 preprocessor.py "/home/kent/git/nacl/nacl/math/number-theory/frac-bs.hpp" "build/0d4323ef113de15a")...executed.

 (./_minted-main/F42F544EE561D582C0392DB193E1EFC747176C0CA723EB3AA108BEA73B12F7F0.pygtex [14])
runsystem(python3 preprocessor.py "/home/kent/git/nacl/nacl/math/number-theory/farey-sequence.hpp" "build/249ed3947732b64e")...executed.

 (./_minted-main/459F9C188A23330CB1903D12F77FA773E224A0E3D1617B3BB3E4F9BAC3824013.pygtex) (/home/kent/git/nacl/nacl/math/combinatorics/matroid.tex)
runsystem(python3 preprocessor.py "/home/kent/git/nacl/nacl/math/combinatorics/matroid.hpp" "build/8e24ea876785a3e0")...executed.

 (./_minted-main/32A5846BE0CEA62930F8B6B417A440166D00D4C7D2E36237F11DC086A46BF5EC.pygtex)
runsystem(python3 preprocessor.py "/home/kent/git/nacl/nacl/math/combinatorics/de-brujin.hpp" "build/a376f1561f5f5851")...executed.

 (./_minted-main/8D8FB2E9583814FACC414D6B16489EC6853834BE8BFF6512EA77BB77061F04A0.pygtex)
runsystem(python3 preprocessor.py "/home/kent/git/nacl/nacl/math/combinatorics/multinomial.hpp" "build/ac752bbd6f73ea18")...executed.

 (./_minted-main/47AF23B429CB2E4E5E63B5C3FA10CE1D6C49D091D52C1391937F6FF0F0055A6F.pygtex) (/home/kent/git/nacl/nacl/math/theorems.tex)
runsystem(python3 preprocessor.py "/home/kent/git/nacl/nacl/numeric/barrett-reduction.hpp" "build/a1e6a3ee55808416")...executed.

 (./_minted-main/F6A69D4353F9937A8FDD2D7A4DF2AB4C4E85243BAE5EA95EDD139A3DB5B489E7.pygtex [15])
runsystem(python3 preprocessor.py "/home/kent/git/nacl/nacl/numeric/ll-mul.hpp" "build/fd1e0f3785542fcc")...executed.

 (./_minted-main/9D285E7B6FF2ACBBA41B018AA77BDE19866FA6522E405C88A553AB3F7F5C34E4.pygtex)
runsystem(python3 preprocessor.py "/home/kent/git/nacl/nacl/numeric/fft.hpp" "build/34ebffbfc8c4e91f")...executed.

 (./_minted-main/607E0BDC52F4337AE19D5E7BA5BBDBB6A0AF34C7A69307000A70EEE81337A728.pygtex)
runsystem(python3 preprocessor.py "/home/kent/git/nacl/nacl/numeric/fft-usage.hpp" "build/cb1584a7dc09ea1f")...executed.

 (./_minted-main/C917FE3B199FAEF052128884330383AF8EF09894478F44EEF1A55F11761B3FA8.pygtex)
runsystem(python3 preprocessor.py "/home/kent/git/nacl/nacl/numeric/fwht.hpp" "build/9d53d1191a610f76")...executed.

 (./_minted-main/1120AA2C62D1C6E7DC4A1D37BB4C556899C24BAFEE228A0127972D0E0BE33BFA.pygtex)
runsystem(python3 preprocessor.py "/home/kent/git/nacl/nacl/numeric/subset-convolution.hpp" "build/963200b3c69dd894")...executed.

 (./_minted-main/5F86452AE0F4B752B7A7822AFA56497E3F2456127C034C9E95A9BFBDE567D747.pygtex)
runsystem(python3 preprocessor.py "/home/kent/git/nacl/nacl/numeric/berlekamp-massey.hpp" "build/c8cdb4fdf9fe4992")...executed.

 (./_minted-main/5746D4C398C2572ABD591F9FD5E75F422FA5EF7314389AD553B207CBC0AD87B7.pygtex)
runsystem(python3 preprocessor.py "/home/kent/git/nacl/nacl/numeric/linear-recurrence.hpp" "build/56421791b1ecef77")...executed.

 (./_minted-main/2E795C8ED65E2F771A1A4A225FA771FAB840B62EA743D1957A90C3DF561CDC49.pygtex) [16]
runsystem(python3 preprocessor.py "/home/kent/git/nacl/nacl/numeric/det-mod.hpp" "build/5b33e7b07a73ae8e")...executed.

 (./_minted-main/CE89C6C727F3D8B4405978225F1338A5E31E1F74C1C3BF3FB9A4E083900EC808.pygtex)
runsystem(python3 preprocessor.py "/home/kent/git/nacl/nacl/numeric/det-double.hpp" "build/3857d14ef908ac42")...executed.

 (./_minted-main/257362AA8B7A0960B8217A20757B1724A7F784D1A6AEFE6B8F53DE0B960417A7.pygtex)
runsystem(python3 preprocessor.py "/home/kent/git/nacl/nacl/numeric/inverse.hpp" "build/71e581bc140635f4")...executed.

 (./_minted-main/0BEE16E29A084EC37ABDB722B73F37040EA6DBE54EDD93B9701B7FFEA389910C.pygtex)
runsystem(python3 preprocessor.py "/home/kent/git/nacl/nacl/numeric/char-poly.hpp" "build/e402d535fd4bb787")...executed.

 (./_minted-main/4946D1EADA5366C71F3BC20DF1445A5B75F021E69A96E61F2658004B8A83EE12.pygtex [17])
runsystem(python3 preprocessor.py "/home/kent/git/nacl/nacl/numeric/linear-eq.hpp" "build/2e010a19e1ac7509")...executed.

 (./_minted-main/5976FA19A440086AEC2E7B01DD4A02D80114D93FAB5930A000EC7C8E7FF82C00.pygtex)
runsystem(python3 preprocessor.py "/home/kent/git/nacl/nacl/numeric/interpolation.hpp" "build/4ae7b0100d02fad9")...executed.

 (./_minted-main/7999E39F3B17B211472C06D411909139EB8CC51B6242C05A19B0CE6E3C8AA091.pygtex)
runsystem(python3 preprocessor.py "/home/kent/git/nacl/nacl/numeric/simplex.hpp" "build/5a1d1cb300e56613")...executed.

 (./_minted-main/95384ED61B40D1446C56301DE21D0868746A00DD79669376CC9F41218F1C0DDD.pygtex
Underfull \vbox (badness 10000) has occurred while \output is active []

 [18])
runsystem(python3 preprocessor.py "/home/kent/git/nacl/nacl/geometry/point.hpp" "build/889f0dbcca75ae7d")...executed.

 (./_minted-main/592C05376F31475CD067276FFEFA7CA2FA4E4E9007E6723A256B9B8ED0866922.pygtex)
runsystem(python3 preprocessor.py "/home/kent/git/nacl/nacl/geometry/quaternion.hpp" "build/00d6cc4af1e628e2")...executed.

 (./_minted-main/11081D762D8ED666A29492BDA3D53A2355CB8AEBAA2123492DB84C1C5B04A940.pygtex)
runsystem(python3 preprocessor.py "/home/kent/git/nacl/nacl/geometry/spherical.hpp" "build/75061799939ae7c4")...executed.

 (./_minted-main/7D2B6A95DB88B9B040A6972452BD925D080180D28E4780E8418A22FFC9654CC0.pygtex)
runsystem(python3 preprocessor.py "/home/kent/git/nacl/nacl/geometry/segments.hpp" "build/b34d6368d8b38fb0")...executed.

 (./_minted-main/9D934D24B7A3E6FD36E9CD535C24EE068F612FBA79E2F67DC30E4A246F32A6C4.pygtex)
runsystem(python3 preprocessor.py "/home/kent/git/nacl/nacl/geometry/convex-hull.hpp" "build/d948f22acfed0f7b")...executed.

 (./_minted-main/F4339A37C78C76D03465E5D684BB2BD4A81DAD99881DE4DFA894BFF1932BC1DF.pygtex [19])
runsystem(python3 preprocessor.py "/home/kent/git/nacl/nacl/geometry/3d-hull.hpp" "build/879f1b6d1ca674cb")...executed.

 (./_minted-main/2041D2E6F8EFBACA28F66DD6C8B293495E81F38871E45482CFE18AFDBC31C976.pygtex)
runsystem(python3 preprocessor.py "/home/kent/git/nacl/nacl/geometry/angular-sort.hpp" "build/2e51a8be462114b5")...executed.

 (./_minted-main/8DDF9E293A53B966C5F5CE84B607CA7C86AD748FE4F83F1963D25A37A506D741.pygtex)
runsystem(python3 preprocessor.py "/home/kent/git/nacl/nacl/geometry/convex-tangent.hpp" "build/f0cd87df7980e489")...executed.

 (./_minted-main/D12929D1F67B5E93EEAEF35E780C11423AD4B93FB5B717E1ACBEFD1C49958CAF.pygtex)
runsystem(python3 preprocessor.py "/home/kent/git/nacl/nacl/geometry/minkowski-sum.hpp" "build/adc88067b50a7781")...executed.

 (./_minted-main/F6D14A53825974C7A200B2EB2B9F3D2EAB703AE0793DFCF803407624B38F0B6F.pygtex [20])
runsystem(python3 preprocessor.py "/home/kent/git/nacl/nacl/geometry/point-inclusion.hpp" "build/4994df47fbe55326")...executed.

 (./_minted-main/EFA6D63EB32C0F71663913ED97616CB7EA2F4A759E3AF7B200EA8D12B2D264AC.pygtex)
runsystem(python3 preprocessor.py "/home/kent/git/nacl/nacl/geometry/convex-inclusion.hpp" "build/64c640e260468109")...executed.

 (./_minted-main/52FBBBACC80A7CB65C611345D74DBA9F7B04F1B1DAC59288C587E97609F443AD.pygtex)
runsystem(python3 preprocessor.py "/home/kent/git/nacl/nacl/geometry/multi-inclusion.hpp" "build/77c62a3d88f477f4")...executed.

 (./_minted-main/C6183617150A23430AE2B38DA258AD74A1BED54C2661A334A28D6A0034E1491D.pygtex
Underfull \vbox (badness 10000) has occurred while \output is active []

 [21])
runsystem(python3 preprocessor.py "/home/kent/git/nacl/nacl/geometry/closest-pair.hpp" "build/307594d7e61f0f63")...executed.

 (./_minted-main/6B7E95322457ECFC62A5DAC7A78AF1616443A0FAABBACAA91D82039C0AEE1CFA.pygtex)
runsystem(python3 preprocessor.py "/home/kent/git/nacl/nacl/geometry/min-enclosing-circle.hpp" "build/626d8e8e4130e1c6")...executed.

 (./_minted-main/3016D5CE06CF65166C107EC7397EF1CFBFB12EBF01F0427EF59179D42C2D3DB0.pygtex)
runsystem(python3 preprocessor.py "/home/kent/git/nacl/nacl/geometry/delaunay.hpp" "build/199454c071c1f14a")...executed.

 (./_minted-main/8550C24782B1B6D22869E7549697A1F41E3398F6ABB8B49B14C4B564163C24FF.pygtex
Underfull \vbox (badness 10000) has occurred while \output is active []

 [22])
runsystem(python3 preprocessor.py "/home/kent/git/nacl/nacl/geometry/delaunay-slow.hpp" "build/a22aa8576089ef88")...executed.

 (./_minted-main/30DABCB088E3DDA2A179CCB7ADD7080974369EBE57167D5711CFB0FA80A2A2A2.pygtex)
runsystem(python3 preprocessor.py "/home/kent/git/nacl/nacl/geometry/half-plane-intersection.hpp" "build/b89109d0c9656c72")...executed.

 (./_minted-main/89C3A8E3F390143F45193BA1FE97D756D67C5236CF7030D68B2740E38771806E.pygtex)
runsystem(python3 preprocessor.py "/home/kent/git/nacl/nacl/strings/kmp.hpp" "build/d992cb18cbd0ff32")...executed.

 (./_minted-main/A66FD576A034533AB4BB8D2046534B5601670720A1004494E8E4EA7F9BE15E8D.pygtex)
runsystem(python3 preprocessor.py "/home/kent/git/nacl/nacl/strings/ahocorasick.hpp" "build/8afc4fb65079b8a2")...executed.

 (./_minted-main/E138660A65BDED9FB8CEA9CAB5AF67E0CCE4A423F9F251D2D11BC9A2A80A25F0.pygtex [23])
runsystem(python3 preprocessor.py "/home/kent/git/nacl/nacl/strings/suffix-array.hpp" "build/6cc6aaeb3f0befa4")...executed.

 (./_minted-main/C8DD3086534AE5B5D15724B726BF691096BED1B4D9BE29F8E56CE63AAE306626.pygtex)
runsystem(python3 preprocessor.py "/home/kent/git/nacl/nacl/strings/suffix-tree.hpp" "build/a2863cf21bf8da68")...executed.

 (./_minted-main/6FAC8CB1395D28E138F0674370587089663C30F575F3EAB96A241675AE2DA18F.pygtex)
runsystem(python3 preprocessor.py "/home/kent/git/nacl/nacl/strings/cyk.hpp" "build/de61768eaacddbc7")...executed.

 (./_minted-main/785E0C01A80C61C3B0B585E13046D740FA474C0D4376684BB784820EEFCC34F0.pygtex [24])
runsystem(python3 preprocessor.py "/home/kent/git/nacl/nacl/strings/z-value.hpp" "build/bacf2d6d70ef80bd")...executed.

 (./_minted-main/F8821EDE049ECECABEA71563674B536F60B998075FF885D82037103B20AA8BC9.pygtex)
runsystem(python3 preprocessor.py "/home/kent/git/nacl/nacl/strings/manacher.hpp" "build/83eeba82cdec91eb")...executed.

 (./_minted-main/82348B3A46AC87981C2123E72BB732C2FA5B2A867AB7AFA84AB66ECB880E583D.pygtex)
runsystem(python3 preprocessor.py "/home/kent/git/nacl/nacl/strings/duval.hpp" "build/b909696d1cac3c46")...executed.

 (./_minted-main/2DD092717F3172B9D42D335720E0654DA9A8E417098C387B405C65741170AEF3.pygtex)
runsystem(python3 preprocessor.py "/home/kent/git/nacl/nacl/strings/palindromic-tree.hpp" "build/1b4baf4a9ae31bbc")...executed.

 (./_minted-main/5FF960BF88BB19889844C7C0EE4F5A36172AA9141F6D89504582BCE886B85414.pygtex)) [25] (tex_build/main.aux)

LaTeX Font Warning: Size substitutions with differences
(Font)              up to 0.85pt have occurred.


LaTeX Font Warning: Some font shapes were not available, defaults substituted.

Package rerunfilecheck Info: File `main.out' has not changed.
(rerunfilecheck)             Checksum: AB20E83C0D734BF2B68CC7DA96517115;18219.
 ) 
Here is how much of TeX's memory you used:
 18156 strings out of 476156
 394739 string characters out of 5814962
 1007947 words of memory out of 5000000
 38327 multiletter control sequences out of 15000+600000
 473547 words of font info for 67 fonts, out of 8000000 for 9000
 1348 hyphenation exceptions out of 8191
 110i,11n,106p,781b,738s stack positions out of 5000i,500n,10000p,200000b,80000s

Output written on tex_build/main.xdv (25 pages, 4170836 bytes).
